2022-02-03 11:55:23 -  - exec CUpdateClientPartner::SearchModulesEx
2022-02-03 11:55:23 -  - exec CUpdateClientPartner::__CollectRequestData
2022-02-03 11:55:24 -  - utf=Y&lang=ru&stable=Y&CANGZIP=Y&SUPD_DBS=MYSQL&XE=N&CLIENT_SITE=localhost&LICENSE_KEY=X&SUPD_STS=1&SUPD_URS=0&SUPD_URSA=1&TYPENC=D&CLIENT_PHPVER=7.4.21&NGINX=Y&dbv=5.7.34&instm=main%2C21.400.100%2CY%3Bvote%2C21.0.0%2CN%3Bui%2C21.300.0%2CN%3Blanding%2C21.300.300%2CN%3Bmobileapp%2C21.0.50%2CN%3Bform%2C21.0.0%2CN%3Bperfmon%2C21.0.0%2CN%3Bscale%2C21.0.0%2CN%3Bbitrix.siteinfoportal%2C15.5.0%2CN%3Bhighloadblock%2C21.100.0%2CN%3Bsecurity%2C21.0.0%2CN%3Btranslate%2C21.100.0%2CN%3Bsocialservices%2C21.100.0%2CN%3Bphotogallery%2C21.0.0%2CN%3Bblog%2C21.200.0%2CN%3Bclouds%2C21.100.0%2CN%3Bsearch%2C21.0.100%2CN%3Biblock%2C21.400.100%2CN%3Bforum%2C21.100.0%2CN%3Bsubscribe%2C21.0.0%2CN%3Bmessageservice%2C21.100.0%2CN%3Bbitrixcloud%2C21.0.0%2CN%3Bbitrix.sitecorporate%2C15.5.0%2CN%3Bbitrix.sitepersonal%2C15.5.0%2CN%3Bseo%2C21.300.0%2CN%3Bb24connector%2C21.0.0%2CN%3Brest%2C21.200.0%2CN%3Bfileman%2C21.200.0%2CN&search_module_id=&search_module=&search_category=7%2C14&search_type=&search_order=DESC&search_order_by=SORT&search_page=1&SUPD_SRS=RU&SUPD_CMP=N
2022-02-03 11:55:24 -  - exec CUpdateClientPartner::GetHTTPPage
2022-02-03 11:55:25 -  - TIME SearchModulesEx(request) 1.285 sec
2022-02-03 11:55:25 -  - exec CUpdateClientPartner::ParseServerData
2022-02-03 11:56:16 -  - exec CUpdateClientPartner::LoadModulesUpdates
2022-02-03 11:56:16 -  - exec CUpdateClientPartner::__CollectRequestData
2022-02-03 11:56:17 -  - utf=Y&lang=ru&stable=Y&CANGZIP=Y&SUPD_DBS=MYSQL&XE=N&CLIENT_SITE=localhost&LICENSE_KEY=X&SUPD_STS=1&SUPD_URS=0&SUPD_URSA=1&TYPENC=D&CLIENT_PHPVER=7.4.21&NGINX=Y&dbv=5.7.34&instm=main%2C21.400.100%2CY%3Bvote%2C21.0.0%2CN%3Bui%2C21.300.0%2CN%3Blanding%2C21.300.300%2CN%3Bmobileapp%2C21.0.50%2CN%3Bform%2C21.0.0%2CN%3Bperfmon%2C21.0.0%2CN%3Bscale%2C21.0.0%2CN%3Bbitrix.siteinfoportal%2C15.5.0%2CN%3Bhighloadblock%2C21.100.0%2CN%3Bsecurity%2C21.0.0%2CN%3Btranslate%2C21.100.0%2CN%3Bsocialservices%2C21.100.0%2CN%3Bphotogallery%2C21.0.0%2CN%3Bblog%2C21.200.0%2CN%3Bclouds%2C21.100.0%2CN%3Bsearch%2C21.0.100%2CN%3Biblock%2C21.400.100%2CN%3Bforum%2C21.100.0%2CN%3Bsubscribe%2C21.0.0%2CN%3Bmessageservice%2C21.100.0%2CN%3Bbitrixcloud%2C21.0.0%2CN%3Bbitrix.sitecorporate%2C15.5.0%2CN%3Bbitrix.sitepersonal%2C15.5.0%2CN%3Bseo%2C21.300.0%2CN%3Bb24connector%2C21.0.0%2CN%3Brest%2C21.200.0%2CN%3Bfileman%2C21.200.0%2CN&reqm=nsandrey.emptyinstall&lim=Y&SUPD_SRS=RU&SUPD_CMP=N
2022-02-03 11:56:17 -  - exec CUpdateClientPartner::GetHTTPPage
2022-02-03 11:56:17 -  - TIME LoadModulesUpdates(request) 0.321 sec
2022-02-03 11:56:17 -  - exec CUpdateClientPartner::ParseServerData
2022-02-03 11:56:17 - S - STEP
2022-02-03 11:56:17 - LM4W01 - loadModule4Wizard-Step
2022-02-03 11:56:17 -  - exec CUpdateClientPartner::LoadModulesUpdates
2022-02-03 11:56:17 -  - exec CUpdateClientPartner::ParseServerData
2022-02-03 11:56:17 -  - loadFile
2022-02-03 11:56:18 - U - RETURN
2022-02-03 11:56:18 -  - exec CUpdateClientPartner::UnGzipArchive
2022-02-03 11:56:18 -  - TIME UnGzipArchive 0.032 sec
2022-02-03 11:56:18 -  - TIME UpdateStepModules 0.047 sec
2022-02-03 11:56:18 -  - exec CUpdateClientPartner::LoadModulesUpdates
2022-02-03 11:56:18 -  - exec CUpdateClientPartner::__CollectRequestData
2022-02-03 11:56:18 -  - utf=Y&lang=ru&stable=Y&CANGZIP=Y&SUPD_DBS=MYSQL&XE=N&CLIENT_SITE=localhost&LICENSE_KEY=X&SUPD_STS=1&SUPD_URS=0&SUPD_URSA=1&TYPENC=D&CLIENT_PHPVER=7.4.21&NGINX=Y&dbv=5.7.34&instm=main%2C21.400.100%2CY%3Bvote%2C21.0.0%2CN%3Bui%2C21.300.0%2CN%3Blanding%2C21.300.300%2CN%3Bmobileapp%2C21.0.50%2CN%3Bform%2C21.0.0%2CN%3Bperfmon%2C21.0.0%2CN%3Bscale%2C21.0.0%2CN%3Bbitrix.siteinfoportal%2C15.5.0%2CN%3Bhighloadblock%2C21.100.0%2CN%3Bsecurity%2C21.0.0%2CN%3Btranslate%2C21.100.0%2CN%3Bsocialservices%2C21.100.0%2CN%3Bphotogallery%2C21.0.0%2CN%3Bblog%2C21.200.0%2CN%3Bclouds%2C21.100.0%2CN%3Bsearch%2C21.0.100%2CN%3Biblock%2C21.400.100%2CN%3Bforum%2C21.100.0%2CN%3Bsubscribe%2C21.0.0%2CN%3Bmessageservice%2C21.100.0%2CN%3Bbitrixcloud%2C21.0.0%2CN%3Bbitrix.sitecorporate%2C15.5.0%2CN%3Bbitrix.sitepersonal%2C15.5.0%2CN%3Bseo%2C21.300.0%2CN%3Bb24connector%2C21.0.0%2CN%3Bnsandrey.emptyinstall%2C1.0.5%2CN%3Brest%2C21.200.0%2CN%3Bfileman%2C21.200.0%2CN&reqm=nsandrey.emptyinstall&lim=Y&SUPD_SRS=RU&SUPD_CMP=N
2022-02-03 11:56:18 -  - exec CUpdateClientPartner::GetHTTPPage
2022-02-03 11:56:18 -  - TIME LoadModulesUpdates(request) 0.318 sec
2022-02-03 11:56:18 -  - exec CUpdateClientPartner::ParseServerData
2022-02-03 11:56:18 - STEP - Finish - NOUPDATES
2022-02-03 11:56:18 - LM4W03 - Finish - NOUPDATES
2022-02-03 11:58:36 -  - exec CUpdateClientPartner::__CollectRequestData
2022-02-03 11:58:36 -  - exec CUpdateClientPartner::GetHTTPPage
2022-02-03 11:58:37 -  - exec CUpdateClientPartner::ParseServerData
2022-02-03 11:58:37 -  - exec CUpdateClientPartner::GetUpdatesList
2022-02-03 11:58:37 -  - exec CUpdateClientPartner::__CollectRequestData
2022-02-03 11:58:37 -  - utf=Y&lang=ru&stable=Y&CANGZIP=Y&SUPD_DBS=MYSQL&XE=N&CLIENT_SITE=localhost&LICENSE_KEY=X&SUPD_STS=1&SUPD_URS=0&SUPD_URSA=1&TYPENC=D&CLIENT_PHPVER=7.4.21&NGINX=Y&dbv=5.7.34&instm=main%2C21.400.100%2CY%3Bvote%2C21.0.0%2CN%3Bui%2C21.300.0%2CN%3Blanding%2C21.300.300%2CN%3Bmobileapp%2C21.0.50%2CN%3Bform%2C21.0.0%2CN%3Bperfmon%2C21.0.0%2CN%3Bscale%2C21.0.0%2CN%3Bbitrix.siteinfoportal%2C15.5.0%2CN%3Bhighloadblock%2C21.100.0%2CN%3Bsecurity%2C21.0.0%2CN%3Btranslate%2C21.100.0%2CN%3Bsocialservices%2C21.100.0%2CN%3Bphotogallery%2C21.0.0%2CN%3Bblog%2C21.200.0%2CN%3Bclouds%2C21.100.0%2CN%3Bsearch%2C21.0.100%2CN%3Biblock%2C21.400.100%2CN%3Bforum%2C21.100.0%2CN%3Bsubscribe%2C21.0.0%2CN%3Bmessageservice%2C21.100.0%2CN%3Bbitrixcloud%2C21.0.0%2CN%3Bbitrix.sitecorporate%2C15.5.0%2CN%3Bbitrix.sitepersonal%2C15.5.0%2CN%3Bseo%2C21.300.0%2CN%3Bb24connector%2C21.0.0%2CN%3Bnsandrey.emptyinstall%2C1.0.5%2CN%3Brest%2C21.200.0%2CN%3Bfileman%2C21.200.0%2CN&reqm=bitrix.siteinfoportal%2Cbitrix.sitecorporate%2Cbitrix.sitepersonal%2Cnsandrey.emptyinstall&fullmoduleinfo=Y&SUPD_SRS=RU&SUPD_CMP=N
2022-02-03 11:58:37 -  - exec CUpdateClientPartner::GetHTTPPage
2022-02-03 11:58:37 -  - TIME GetUpdatesList(request) 0.266 sec
2022-02-03 11:58:37 -  - exec CUpdateClientPartner::ParseServerData
2022-02-03 11:58:37 -  - exec CUpdateClientPartner::__CollectRequestData
2022-02-03 11:58:37 -  - exec CUpdateClientPartner::GetHTTPPage
2022-02-03 11:58:38 -  - exec CUpdateClientPartner::ParseServerData
2022-02-04 11:59:45 -  - exec CUpdateClientPartner::__CollectRequestData
2022-02-04 11:59:45 -  - exec CUpdateClientPartner::GetHTTPPage
2022-02-04 11:59:46 -  - exec CUpdateClientPartner::ParseServerData
2022-02-04 11:59:46 -  - exec CUpdateClientPartner::GetUpdatesList
2022-02-04 11:59:46 -  - exec CUpdateClientPartner::__CollectRequestData
2022-02-04 11:59:46 -  - utf=Y&lang=ru&stable=Y&CANGZIP=Y&SUPD_DBS=MYSQL&XE=N&CLIENT_SITE=localhost&LICENSE_KEY=X&SUPD_STS=1&SUPD_URS=0&SUPD_URSA=1&TYPENC=D&CLIENT_PHPVER=7.4.21&NGINX=Y&dbv=5.7.34&instm=main%2C21.400.100%2CY%3Bvote%2C21.0.0%2CN%3Bui%2C21.300.0%2CN%3Blanding%2C21.300.300%2CN%3Bmobileapp%2C21.0.50%2CN%3Bform%2C21.0.0%2CN%3Bperfmon%2C21.0.0%2CN%3Bscale%2C21.0.0%2CN%3Bbitrix.siteinfoportal%2C15.5.0%2CN%3Bhighloadblock%2C21.100.0%2CN%3Bsecurity%2C21.0.0%2CN%3Btranslate%2C21.100.0%2CN%3Bsocialservices%2C21.100.0%2CN%3Bphotogallery%2C21.0.0%2CN%3Bblog%2C21.200.0%2CN%3Bclouds%2C21.100.0%2CN%3Bsearch%2C21.0.100%2CN%3Biblock%2C21.400.100%2CN%3Bforum%2C21.100.0%2CN%3Bsubscribe%2C21.0.0%2CN%3Bmessageservice%2C21.100.0%2CN%3Bbitrixcloud%2C21.0.0%2CN%3Bbitrix.sitecorporate%2C15.5.0%2CN%3Bbitrix.sitepersonal%2C15.5.0%2CN%3Bseo%2C21.300.0%2CN%3Bb24connector%2C21.0.0%2CN%3Bnsandrey.emptyinstall%2C1.0.5%2CN%3Brest%2C21.200.0%2CN%3Bfileman%2C21.200.0%2CN&reqm=bitrix.siteinfoportal%2Cbitrix.sitecorporate%2Cbitrix.sitepersonal%2Cnsandrey.emptyinstall&fullmoduleinfo=Y&SUPD_SRS=RU&SUPD_CMP=N
2022-02-04 11:59:46 -  - exec CUpdateClientPartner::GetHTTPPage
2022-02-04 11:59:46 -  - TIME GetUpdatesList(request) 0.275 sec
2022-02-04 11:59:46 -  - exec CUpdateClientPartner::ParseServerData
2022-02-04 11:59:46 -  - exec CUpdateClientPartner::__CollectRequestData
2022-02-04 11:59:46 -  - exec CUpdateClientPartner::GetHTTPPage
2022-02-04 11:59:46 -  - exec CUpdateClientPartner::ParseServerData
2022-02-07 09:33:30 -  - exec CUpdateClientPartner::__CollectRequestData
2022-02-07 09:33:30 -  - exec CUpdateClientPartner::GetHTTPPage
2022-02-07 09:33:31 -  - exec CUpdateClientPartner::ParseServerData
2022-02-07 09:33:31 -  - exec CUpdateClientPartner::GetUpdatesList
2022-02-07 09:33:31 -  - exec CUpdateClientPartner::__CollectRequestData
2022-02-07 09:33:31 -  - utf=Y&lang=ru&stable=Y&CANGZIP=Y&SUPD_DBS=MYSQL&XE=N&CLIENT_SITE=localhost&LICENSE_KEY=X&SUPD_STS=1&SUPD_URS=0&SUPD_URSA=1&TYPENC=D&CLIENT_PHPVER=7.4.21&NGINX=Y&dbv=5.7.34&instm=main%2C21.400.100%2CY%3Bvote%2C21.0.0%2CN%3Bui%2C21.300.0%2CN%3Blanding%2C21.300.300%2CN%3Bmobileapp%2C21.0.50%2CN%3Bform%2C21.0.0%2CN%3Bperfmon%2C21.0.0%2CN%3Bscale%2C21.0.0%2CN%3Bbitrix.siteinfoportal%2C15.5.0%2CN%3Bhighloadblock%2C21.100.0%2CN%3Bsecurity%2C21.0.0%2CN%3Btranslate%2C21.100.0%2CN%3Bsocialservices%2C21.100.0%2CN%3Bphotogallery%2C21.0.0%2CN%3Bblog%2C21.200.0%2CN%3Bclouds%2C21.100.0%2CN%3Bsearch%2C21.0.100%2CN%3Biblock%2C21.400.100%2CN%3Bforum%2C21.100.0%2CN%3Bsubscribe%2C21.0.0%2CN%3Bmessageservice%2C21.100.0%2CN%3Bbitrixcloud%2C21.0.0%2CN%3Bbitrix.sitecorporate%2C15.5.0%2CN%3Bbitrix.sitepersonal%2C15.5.0%2CN%3Bseo%2C21.300.0%2CN%3Bb24connector%2C21.0.0%2CN%3Bnsandrey.emptyinstall%2C1.0.5%2CN%3Brest%2C21.200.0%2CN%3Bfileman%2C21.200.0%2CN&reqm=bitrix.siteinfoportal%2Cbitrix.sitecorporate%2Cbitrix.sitepersonal%2Cnsandrey.emptyinstall&fullmoduleinfo=Y&SUPD_SRS=RU&SUPD_CMP=N
2022-02-07 09:33:31 -  - exec CUpdateClientPartner::GetHTTPPage
2022-02-07 09:33:31 -  - TIME GetUpdatesList(request) 0.276 sec
2022-02-07 09:33:31 -  - exec CUpdateClientPartner::ParseServerData
2022-02-07 09:33:31 -  - exec CUpdateClientPartner::__CollectRequestData
2022-02-07 09:33:31 -  - exec CUpdateClientPartner::GetHTTPPage
2022-02-07 09:33:32 -  - exec CUpdateClientPartner::ParseServerData
